<?xml version="1.0" encoding="UTF-8"?>
<!-- Generated by org.testng.reporters.JUnitXMLReporter -->
<testsuite ignored="12" hostname="DESKTOP-0UE9EKQ" failures="0" tests="132" name="ParallelByMethods" time="28.795" errors="0" timestamp="2025-05-19T15:12:31 IST">
  <testcase classname="MyProject.demo.us.espocrm.com.BaseClass" name="@BeforeTest setUpTheBrowser" time="24.71">
    <failure type="org.openqa.selenium.NoSuchWindowException" message="no such window: target window already closed
from unknown error: web view not found
  (Session info: chrome=136.0.7103.114)
Build info: version: &amp;apos;4.31.0&amp;apos;, revision: &amp;apos;1ef9f18787*&amp;apos;
System info: os.name: &amp;apos;Windows 10&amp;apos;, os.arch: &amp;apos;amd64&amp;apos;, os.version: &amp;apos;10.0&amp;apos;, java.version: &amp;apos;23.0.1&amp;apos;
Driver info: org.openqa.selenium.chrome.ChromeDriver
Command: [1a219ae889ab81f3f7843138f365214b, deleteAllCookies {}]
Capabilities {acceptInsecureCerts: false, browserName: chrome, browserVersion: 136.0.7103.114, chrome: {chromedriverVersion: 136.0.7103.94 (fa0be0b33deb..., userDataDir: C:\Users\xmedia\AppData\Loc...}, fedcm:accounts: true, goog:chromeOptions: {debuggerAddress: localhost:56710}, networkConnectionEnabled: false, pageLoadStrategy: normal, platformName: windows, proxy: Proxy(), se:cdp: ws://localhost:56710/devtoo..., se:cdpVersion: 136.0.7103.114, setWindowRect: true, strictFileInteractability: false, timeouts: {implicit: 0, pageLoad: 300000, script: 30000}, unhandledPromptBehavior: dismiss and notify, webauthn:extension:credBlob: true, webauthn:extension:largeBlob: true, webauthn:extension:minPinLength: true, webauthn:extension:prf: true, webauthn:virtualAuthenticators: true}
Session ID: 1a219ae889ab81f3f7843138f365214b">
      <![CDATA[org.openqa.selenium.NoSuchWindowException: no such window: target window already closed
from unknown error: web view not found
  (Session info: chrome=136.0.7103.114)
Build info: version: '4.31.0', revision: '1ef9f18787*'
System info: os.name: 'Windows 10', os.arch: 'amd64', os.version: '10.0', java.version: '23.0.1'
Driver info: org.openqa.selenium.chrome.ChromeDriver
Command: [1a219ae889ab81f3f7843138f365214b, deleteAllCookies {}]
Capabilities {acceptInsecureCerts: false, browserName: chrome, browserVersion: 136.0.7103.114, chrome: {chromedriverVersion: 136.0.7103.94 (fa0be0b33deb..., userDataDir: C:\Users\xmedia\AppData\Loc...}, fedcm:accounts: true, goog:chromeOptions: {debuggerAddress: localhost:56710}, networkConnectionEnabled: false, pageLoadStrategy: normal, platformName: windows, proxy: Proxy(), se:cdp: ws://localhost:56710/devtoo..., se:cdpVersion: 136.0.7103.114, setWindowRect: true, strictFileInteractability: false, timeouts: {implicit: 0, pageLoad: 300000, script: 30000}, unhandledPromptBehavior: dismiss and notify, webauthn:extension:credBlob: true, webauthn:extension:largeBlob: true, webauthn:extension:minPinLength: true, webauthn:extension:prf: true, webauthn:virtualAuthenticators: true}
Session ID: 1a219ae889ab81f3f7843138f365214b
at org.openqa.selenium.remote.ErrorCodec.decode(ErrorCodec.java:167)
at org.openqa.selenium.remote.codec.w3c.W3CHttpResponseCodec.decode(W3CHttpResponseCodec.java:138)
at org.openqa.selenium.remote.codec.w3c.W3CHttpResponseCodec.decode(W3CHttpResponseCodec.java:50)
at org.openqa.selenium.remote.HttpCommandExecutor.execute(HttpCommandExecutor.java:215)
at org.openqa.selenium.remote.service.DriverCommandExecutor.invokeExecute(DriverCommandExecutor.java:216)
at org.openqa.selenium.remote.service.DriverCommandExecutor.execute(DriverCommandExecutor.java:174)
at org.openqa.selenium.remote.RemoteWebDriver.execute(RemoteWebDriver.java:545)
at org.openqa.selenium.remote.RemoteWebDriver.execute(RemoteWebDriver.java:618)
at org.openqa.selenium.remote.RemoteWebDriver.execute(RemoteWebDriver.java:622)
at org.openqa.selenium.remote.RemoteWebDriver$RemoteWebDriverOptions.deleteAllCookies(RemoteWebDriver.java:885)
at MyProject.demo.us.espocrm.com.BaseClass.setUpTheBrowser(BaseClass.java:43)
... Removed 25 stack frames]]>
    </failure>
  </testcase> <!-- @BeforeTest setUpTheBrowser -->
  <testcase classname="MyProject.demo.us.espocrm.com.BaseClass" name="@AfterTest teardown" time="0.0">
    <skipped/>
  </testcase> <!-- @AfterTest teardown -->
  <testcase classname="testBase.LandingPageTest" name="activeTabIsClickable" time="0.0">
    <skipped/>
  </testcase> <!-- activeTabIsClickable -->
  <testcase classname="testBase.LandingPageTest" name="aboutLinkIsClickable" time="0.0">
    <skipped/>
  </testcase> <!-- aboutLinkIsClickable -->
  <testcase classname="testBase.LandingPageTest" name="accountsMenuIsClickable" time="0.001">
    <skipped/>
  </testcase> <!-- accountsMenuIsClickable -->
  <testcase classname="testBase.LandingPageTest" name="addDashletItemIsClickable" time="0.001">
    <skipped/>
  </testcase> <!-- addDashletItemIsClickable -->
  <testcase classname="testBase.LandingPageTest" name="adminOptionIsClickable" time="0.001">
    <skipped/>
  </testcase> <!-- adminOptionIsClickable -->
  <testcase classname="testBase.AccountPageTest" name="accountsMenuIsClickable" time="0.001">
    <skipped/>
  </testcase> <!-- accountsMenuIsClickable -->
  <testcase classname="testBase.AccountPageTest" name="billingAddressFilterIsClickable" time="0.0">
    <skipped/>
  </testcase> <!-- billingAddressFilterIsClickable -->
  <testcase classname="testBase.LandingPageTest" name="callsTabIsClickable" time="0.014">
    <skipped/>
  </testcase> <!-- callsTabIsClickable -->
  <testcase classname="testBase.LandingPageTest" name="callCenterDataTabIsClickable" time="0.0">
    <skipped/>
  </testcase> <!-- callCenterDataTabIsClickable -->
  <testcase classname="testBase.LandingPageTest" name="adminLinkIsClickable" time="0.0">
    <skipped/>
  </testcase> <!-- adminLinkIsClickable -->
  <testcase classname="testBase.LandingPageTest" name="casesTabIsClickable" time="0.0">
    <skipped/>
  </testcase> <!-- casesTabIsClickable -->
  <testcase classname="testBase.AccountPageTest" name="addFilterDropdownIsClickable" time="0.0">
    <skipped/>
  </testcase> <!-- addFilterDropdownIsClickable -->
  <testcase classname="testBase.LandingPageTest" name="createAccountIsClickable" time="0.001">
    <skipped/>
  </testcase> <!-- createAccountIsClickable -->
  <testcase classname="testBase.AccountPageTest" name="countryFilterOptionIsClickable" time="0.0">
    <skipped/>
  </testcase> <!-- countryFilterOptionIsClickable -->
  <testcase classname="testBase.LandingPageTest" name="campaignsTabIsClickable" time="0.0">
    <skipped/>
  </testcase> <!-- campaignsTabIsClickable -->
  <testcase classname="testBase.LandingPageTest" name="calendarTabIsClickable" time="0.0">
    <skipped/>
  </testcase> <!-- calendarTabIsClickable -->
  <testcase classname="testBase.LandingPageTest" name="createCaseIsClickable" time="0.001">
    <skipped/>
  </testcase> <!-- createCaseIsClickable -->
  <testcase classname="testBase.LandingPageTest" name="createLeadIsClickable" time="0.0">
    <skipped/>
  </testcase> <!-- createLeadIsClickable -->
  <testcase classname="testBase.LandingPageTest" name="createCallIsClickable" time="0.0">
    <skipped/>
  </testcase> <!-- createCallIsClickable -->
  <testcase classname="testBase.LandingPageTest" name="contactsMenuIsClickable" time="0.004">
    <skipped/>
  </testcase> <!-- contactsMenuIsClickable -->
  <testcase classname="testBase.LandingPageTest" name="createEmailIsClickable" time="0.001">
    <skipped/>
  </testcase> <!-- createEmailIsClickable -->
  <testcase classname="testBase.LandingPageTest" name="createProjectTaskIsClickable" time="0.001">
    <skipped/>
  </testcase> <!-- createProjectTaskIsClickable -->
  <testcase classname="testBase.LandingPageTest" name="createContactIsClickable" time="0.0">
    <skipped/>
  </testcase> <!-- createContactIsClickable -->
  <testcase classname="testBase.LandingPageTest" name="createTaskIsClickable" time="0.005">
    <skipped/>
  </testcase> <!-- createTaskIsClickable -->
  <testcase classname="testBase.LandingPageTest" name="createMeetingIsClickable" time="0.0">
    <skipped/>
  </testcase> <!-- createMeetingIsClickable -->
  <testcase classname="testBase.LandingPageTest" name="createOpportunityIsClickable" time="0.002">
    <skipped/>
  </testcase> <!-- createOpportunityIsClickable -->
  <testcase classname="testBase.AccountPageTest" name="createdByFilterOptionIsClickable" time="0.0">
    <skipped/>
  </testcase> <!-- createdByFilterOptionIsClickable -->
  <testcase classname="testBase.LandingPageTest" name="deliveryOrdersTabIsClickable" time="0.0">
    <skipped/>
  </testcase> <!-- deliveryOrdersTabIsClickable -->
  <testcase classname="testBase.LandingPageTest" name="documentsTabIsClickable" time="0.002">
    <skipped/>
  </testcase> <!-- documentsTabIsClickable -->
  <testcase classname="testBase.AccountPageTest" name="createdAtFilterOptionIsClickable" time="0.0">
    <skipped/>
  </testcase> <!-- createdAtFilterOptionIsClickable -->
  <testcase classname="testBase.AccountPageTest" name="emailFilterOptionIsClickable" time="0.0">
    <skipped/>
  </testcase> <!-- emailFilterOptionIsClickable -->
  <testcase classname="testBase.AccountPageTest" name="descriptionFilterOptionIsClickable" time="0.0">
    <skipped/>
  </testcase> <!-- descriptionFilterOptionIsClickable -->
  <testcase classname="testBase.LandingPageTest" name="emailsTabIsClickable" time="0.0">
    <skipped/>
  </testcase> <!-- emailsTabIsClickable -->
  <testcase classname="testBase.LandingPageTest" name="dropdownButtonIsClickable" time="0.0">
    <skipped/>
  </testcase> <!-- dropdownButtonIsClickable -->
  <testcase classname="testBase.AccountPageTest" name="filterDropdownIsClickable" time="0.0">
    <skipped/>
  </testcase> <!-- filterDropdownIsClickable -->
  <testcase classname="testBase.AccountPageTest" name="filterAssignedUserOptionIsClickable" time="0.001">
    <skipped/>
  </testcase> <!-- filterAssignedUserOptionIsClickable -->
  <testcase classname="testBase.AccountPageTest" name="followedCheckboxIsChecked" time="0.0">
    <skipped/>
  </testcase> <!-- followedCheckboxIsChecked -->
  <testcase classname="testBase.LandingPageTest" name="globalSearchButtonIsClickable" time="0.0">
    <skipped/>
  </testcase> <!-- globalSearchButtonIsClickable -->
  <testcase classname="testBase.AccountPageTest" name="filterOptionRecentlyCreatedIsSelectable" time="0.0">
    <skipped/>
  </testcase> <!-- filterOptionRecentlyCreatedIsSelectable -->
  <testcase classname="testBase.LandingPageTest" name="editDashboardItemIsClickable" time="0.0">
    <skipped/>
  </testcase> <!-- editDashboardItemIsClickable -->
  <testcase classname="testBase.AccountPageTest" name="filterOptionStarredIsSelectable" time="0.001">
    <skipped/>
  </testcase> <!-- filterOptionStarredIsSelectable -->
  <testcase classname="testBase.AccountPageTest" name="filterOptionAllIsSelectable" time="0.0">
    <skipped/>
  </testcase> <!-- filterOptionAllIsSelectable -->
  <testcase classname="testBase.LandingPageTest" name="inventoryAdjustmentsTabIsClickable" time="0.0">
    <skipped/>
  </testcase> <!-- inventoryAdjustmentsTabIsClickable -->
  <testcase classname="testBase.LandingPageTest" name="inventoryNumbersTabIsClickable" time="0.0">
    <skipped/>
  </testcase> <!-- inventoryNumbersTabIsClickable -->
  <testcase classname="testBase.LandingPageTest" name="homeMenuIsClickable" time="0.0">
    <skipped/>
  </testcase> <!-- homeMenuIsClickable -->
  <testcase classname="testBase.LandingPageTest" name="globalStreamTabIsClickable" time="0.0">
    <skipped/>
  </testcase> <!-- globalStreamTabIsClickable -->
  <testcase classname="testBase.AccountPageTest" name="industryFilterOptionIsClickable" time="0.0">
    <skipped/>
  </testcase> <!-- industryFilterOptionIsClickable -->
  <testcase classname="testBase.LandingPageTest" name="knowledgeBaseTabIsClickable" time="0.0">
    <skipped/>
  </testcase> <!-- knowledgeBaseTabIsClickable -->
  <testcase classname="testBase.LandingPageTest" name="globalSearchInputIsClickable" time="0.001">
    <skipped/>
  </testcase> <!-- globalSearchInputIsClickable -->
  <testcase classname="testBase.LandingPageTest" name="leadsMenuIsClickable" time="0.0">
    <skipped/>
  </testcase> <!-- leadsMenuIsClickable -->
  <testcase classname="testBase.LandingPageTest" name="meetingsTabIsClickable" time="0.002">
    <skipped/>
  </testcase> <!-- meetingsTabIsClickable -->
  <testcase classname="testBase.LandingPageTest" name="menuDropdownIsClickable" time="0.0">
    <skipped/>
  </testcase> <!-- menuDropdownIsClickable -->
  <testcase classname="testBase.LoginPageTest" name="loginTheEspoCRM" time="0.001">
    <skipped/>
  </testcase> <!-- loginTheEspoCRM -->
  <testcase classname="testBase.LandingPageTest" name="moreDropdownIsClickable" time="0.001">
    <skipped/>
  </testcase> <!-- moreDropdownIsClickable -->
  <testcase classname="testBase.LandingPageTest" name="logoutLinkIsClickable" time="0.0">
    <skipped/>
  </testcase> <!-- logoutLinkIsClickable -->
  <testcase classname="testBase.LandingPageTest" name="myHomepageTabIsClickable" time="0.0">
    <skipped/>
  </testcase> <!-- myHomepageTabIsClickable -->
  <testcase classname="testBase.LandingPageTest" name="notificationsButtonIsClickable" time="0.001">
    <skipped/>
  </testcase> <!-- notificationsButtonIsClickable -->
  <testcase classname="testBase.LandingPageTest" name="logoutOptionIsClickable" time="0.0">
    <skipped/>
  </testcase> <!-- logoutOptionIsClickable -->
  <testcase classname="testBase.LandingPageTest" name="inventoryTransactionsTabIsClickable" time="0.0">
    <skipped/>
  </testcase> <!-- inventoryTransactionsTabIsClickable -->
  <testcase classname="testBase.LandingPageTest" name="mySalesTabIsClickable" time="0.0">
    <skipped/>
  </testcase> <!-- mySalesTabIsClickable -->
  <testcase classname="testBase.AccountPageTest" name="modifiedAtFilterOptionIsClickable" time="0.0">
    <skipped/>
  </testcase> <!-- modifiedAtFilterOptionIsClickable -->
  <testcase classname="testBase.LandingPageTest" name="opportunitiesMenuIsClickable" time="0.0">
    <skipped/>
  </testcase> <!-- opportunitiesMenuIsClickable -->
  <testcase classname="testBase.LandingPageTest" name="preferencesLinkIsClickable" time="0.0">
    <skipped/>
  </testcase> <!-- preferencesLinkIsClickable -->
  <testcase classname="testBase.LandingPageTest" name="notificationsIconIsClickable" time="0.0">
    <skipped/>
  </testcase> <!-- notificationsIconIsClickable -->
  <testcase classname="testBase.LandingPageTest" name="projectsTabIsClickable" time="0.0">
    <skipped/>
  </testcase> <!-- projectsTabIsClickable -->
  <testcase classname="testBase.AccountPageTest" name="phoneFilterOptionIsClickable" time="0.0">
    <skipped/>
  </testcase> <!-- phoneFilterOptionIsClickable -->
  <testcase classname="testBase.LandingPageTest" name="preferencesOptionIsClickable" time="0.0">
    <skipped/>
  </testcase> <!-- preferencesOptionIsClickable -->
  <testcase classname="testBase.LandingPageTest" name="quickCreateAccountIsClickable" time="0.0">
    <skipped/>
  </testcase> <!-- quickCreateAccountIsClickable -->
  <testcase classname="testBase.LandingPageTest" name="quickCreateDropdown1IsClickable" time="0.0">
    <skipped/>
  </testcase> <!-- quickCreateDropdown1IsClickable -->
  <testcase classname="testBase.LandingPageTest" name="quickCreateDropdownIsClickable" time="0.0">
    <skipped/>
  </testcase> <!-- quickCreateDropdownIsClickable -->
  <testcase classname="testBase.LandingPageTest" name="quotesTabIsClickable" time="0.0">
    <skipped/>
  </testcase> <!-- quotesTabIsClickable -->
  <testcase classname="testBase.LandingPageTest" name="quickCreateLeadIsClickable" time="0.001">
    <skipped/>
  </testcase> <!-- quickCreateLeadIsClickable -->
  <testcase classname="testBase.AccountPageTest" name="onlyMyCheckboxIsChecked" time="0.015">
    <skipped/>
  </testcase> <!-- onlyMyCheckboxIsChecked -->
  <testcase classname="testBase.LandingPageTest" name="returnOrdersTabIsClickable" time="0.0">
    <skipped/>
  </testcase> <!-- returnOrdersTabIsClickable -->
  <testcase classname="testBase.LandingPageTest" name="salesAnalyticsTabIsClickable" time="0.0">
    <skipped/>
  </testcase> <!-- salesAnalyticsTabIsClickable -->
  <testcase classname="testBase.LandingPageTest" name="purchaseOrdersTabIsClickable" time="0.0">
    <skipped/>
  </testcase> <!-- purchaseOrdersTabIsClickable -->
  <testcase classname="testBase.LandingPageTest" name="salesOrdersTabIsClickable" time="0.001">
    <skipped/>
  </testcase> <!-- salesOrdersTabIsClickable -->
  <testcase classname="testBase.AccountPageTest" name="searchButtonIsClickable" time="0.0">
    <skipped/>
  </testcase> <!-- searchButtonIsClickable -->
  <testcase classname="testBase.LandingPageTest" name="productsTabIsClickable" time="0.0">
    <skipped/>
  </testcase> <!-- productsTabIsClickable -->
  <testcase classname="testBase.AccountPageTest" name="shippingAddressFilterIsClickable" time="0.0">
    <skipped/>
  </testcase> <!-- shippingAddressFilterIsClickable -->
  <testcase classname="testBase.AccountPageTest" name="searchTextIsEnteredSuccessfully" time="0.0">
    <skipped/>
  </testcase> <!-- searchTextIsEnteredSuccessfully -->
  <testcase classname="testBase.LandingPageTest" name="streamTabIsClickable" time="0.0">
    <skipped/>
  </testcase> <!-- streamTabIsClickable -->
  <testcase classname="testBase.AccountPageTest" name="resetButtonIsClickable" time="0.0">
    <skipped/>
  </testcase> <!-- resetButtonIsClickable -->
  <testcase classname="testBase.LandingPageTest" name="tasksTabIsClickable" time="0.0">
    <skipped/>
  </testcase> <!-- tasksTabIsClickable -->
  <testcase classname="testBase.AccountPageTest" name="targetListsFilterOptionIsClickable" time="0.001">
    <skipped/>
  </testcase> <!-- targetListsFilterOptionIsClickable -->
  <testcase classname="testBase.LandingPageTest" name="teamsTabIsClickable" time="0.001">
    <skipped/>
  </testcase> <!-- teamsTabIsClickable -->
  <testcase classname="testBase.LandingPageTest" name="reportsTabIsClickable" time="0.0">
    <skipped/>
  </testcase> <!-- reportsTabIsClickable -->
  <testcase classname="testBase.AccountPageTest" name="testBreadcrumbsVisibility" time="0.0">
    <skipped/>
  </testcase> <!-- testBreadcrumbsVisibility -->
  <testcase classname="testBase.LandingPageTest" name="salesManagerTabIsClickable" time="0.0">
    <skipped/>
  </testcase> <!-- salesManagerTabIsClickable -->
  <testcase classname="testBase.AccountPageTest" name="teamsFilterOptionIsClickable" time="0.0">
    <skipped/>
  </testcase> <!-- teamsFilterOptionIsClickable -->
  <testcase classname="testBase.LandingPageTest" name="targetListsTabIsClickable" time="0.0">
    <skipped/>
  </testcase> <!-- targetListsTabIsClickable -->
  <testcase classname="testBase.AccountPageTest" name="testClickAssignedUserSelect" time="0.001">
    <skipped/>
  </testcase> <!-- testClickAssignedUserSelect -->
  <testcase classname="testBase.AccountPageTest" name="testClickSaveAndNewButton" time="0.0">
    <skipped/>
  </testcase> <!-- testClickSaveAndNewButton -->
  <testcase classname="testBase.AccountPageTest" name="testClickSaveAndContinueButton" time="0.003">
    <skipped/>
  </testcase> <!-- testClickSaveAndContinueButton -->
  <testcase classname="testBase.AccountPageTest" name="testClickAssignedUserClear" time="0.001">
    <skipped/>
  </testcase> <!-- testClickAssignedUserClear -->
  <testcase classname="testBase.AccountPageTest" name="testClickTeamSelectButton" time="0.0">
    <skipped/>
  </testcase> <!-- testClickTeamSelectButton -->
  <testcase classname="testBase.AccountPageTest" name="testEnterAssignedUser" time="0.0">
    <skipped/>
  </testcase> <!-- testEnterAssignedUser -->
  <testcase classname="testBase.AccountPageTest" name="testClickCopyBillingButton" time="0.002">
    <skipped/>
  </testcase> <!-- testClickCopyBillingButton -->
  <testcase classname="testBase.AccountPageTest" name="testEnterBillingCountry" time="0.0">
    <skipped/>
  </testcase> <!-- testEnterBillingCountry -->
  <testcase classname="testBase.AccountPageTest" name="testEnterBillingPostalCode" time="0.0">
    <skipped/>
  </testcase> <!-- testEnterBillingPostalCode -->
  <testcase classname="testBase.AccountPageTest" name="testEnterBillingStreet" time="0.0">
    <skipped/>
  </testcase> <!-- testEnterBillingStreet -->
  <testcase classname="testBase.AccountPageTest" name="testEnterDescription" time="0.0">
    <skipped/>
  </testcase> <!-- testEnterDescription -->
  <testcase classname="testBase.AccountPageTest" name="testEnterBillingState" time="0.001">
    <skipped/>
  </testcase> <!-- testEnterBillingState -->
  <testcase classname="testBase.AccountPageTest" name="testEnterPhone" time="0.0">
    <skipped/>
  </testcase> <!-- testEnterPhone -->
  <testcase classname="testBase.AccountPageTest" name="testEnterBillingCity" time="0.0">
    <skipped/>
  </testcase> <!-- testEnterBillingCity -->
  <testcase classname="testBase.AccountPageTest" name="testEnterShippingCity" time="0.0">
    <skipped/>
  </testcase> <!-- testEnterShippingCity -->
  <testcase classname="testBase.AccountPageTest" name="testEnterName" time="0.001">
    <skipped/>
  </testcase> <!-- testEnterName -->
  <testcase classname="testBase.AccountPageTest" name="testEnterEmail" time="0.0">
    <skipped/>
  </testcase> <!-- testEnterEmail -->
  <testcase classname="testBase.AccountPageTest" name="testEnterTeam" time="0.0">
    <skipped/>
  </testcase> <!-- testEnterTeam -->
  <testcase classname="testBase.AccountPageTest" name="testEnterShippingStreet" time="0.0">
    <skipped/>
  </testcase> <!-- testEnterShippingStreet -->
  <testcase classname="testBase.AccountPageTest" name="testEnterShippingCountry" time="0.0">
    <skipped/>
  </testcase> <!-- testEnterShippingCountry -->
  <testcase classname="testBase.AccountPageTest" name="testPaginationNextClick" time="0.0">
    <skipped/>
  </testcase> <!-- testPaginationNextClick -->
  <testcase classname="testBase.AccountPageTest" name="testHeaderTitleVisibility" time="0.0">
    <skipped/>
  </testcase> <!-- testHeaderTitleVisibility -->
  <testcase classname="testBase.AccountPageTest" name="testPhoneTypeDropdownVisibility" time="0.0">
    <skipped/>
  </testcase> <!-- testPhoneTypeDropdownVisibility -->
  <testcase classname="testBase.AccountPageTest" name="testEnterShippingState" time="0.0">
    <skipped/>
  </testcase> <!-- testEnterShippingState -->
  <testcase classname="testBase.AccountPageTest" name="testEnterShippingPostalCode" time="0.0">
    <skipped/>
  </testcase> <!-- testEnterShippingPostalCode -->
  <testcase classname="testBase.AccountPageTest" name="testToggleCityColumn" time="0.0">
    <skipped/>
  </testcase> <!-- testToggleCityColumn -->
  <testcase classname="testBase.AccountPageTest" name="testToggleColumnResize" time="0.0">
    <skipped/>
  </testcase> <!-- testToggleColumnResize -->
  <testcase classname="testBase.AccountPageTest" name="testEnterWebsite" time="0.0">
    <skipped/>
  </testcase> <!-- testEnterWebsite -->
  <testcase classname="testBase.AccountPageTest" name="testToggleCountryColumn" time="0.001">
    <skipped/>
  </testcase> <!-- testToggleCountryColumn -->
  <testcase classname="testBase.LandingPageTest" name="userProfileIsClickable" time="0.0">
    <skipped/>
  </testcase> <!-- userProfileIsClickable -->
  <testcase classname="testBase.LandingPageTest" name="usersTabIsClickable" time="0.0">
    <skipped/>
  </testcase> <!-- usersTabIsClickable -->
  <testcase classname="testBase.AccountPageTest" name="typeFilterOptionIsClickable" time="0.001">
    <skipped/>
  </testcase> <!-- typeFilterOptionIsClickable -->
  <testcase classname="testBase.LandingPageTest" name="userMenuDropdownIsClickable" time="0.001">
    <skipped/>
  </testcase> <!-- userMenuDropdownIsClickable -->
  <testcase classname="testBase.AccountPageTest" name="testToggleTypeColumn" time="0.0">
    <skipped/>
  </testcase> <!-- testToggleTypeColumn -->
  <testcase classname="testBase.AccountPageTest" name="testToggleIndustryColumn" time="0.0">
    <skipped/>
  </testcase> <!-- testToggleIndustryColumn -->
  <testcase classname="testBase.LandingPageTest" name="warehousesTabIsClickable" time="0.016">
    <skipped/>
  </testcase> <!-- warehousesTabIsClickable -->
  <testcase classname="testBase.AccountPageTest" name="websiteFilterIsClickable" time="0.0">
    <skipped/>
  </testcase> <!-- websiteFilterIsClickable -->
  <testcase classname="testBase.LandingPageTest" name="workingTimeCalendarsTabIsClickable" time="0.0">
    <skipped/>
  </testcase> <!-- workingTimeCalendarsTabIsClickable -->
  <testcase classname="testBase.AccountPageTest" name="createAccountButtonIsClickable" time="0.0">
    <skipped/>
  </testcase> <!-- createAccountButtonIsClickable -->
  <testcase classname="testBase.AccountPageTest" name="testClickSaveButton" time="0.0">
    <skipped/>
  </testcase> <!-- testClickSaveButton -->
  <testcase classname="testBase.AccountPageTest" name="testClickCancelButton" time="0.0">
    <skipped/>
  </testcase> <!-- testClickCancelButton -->
  <testcase classname="testBase.AccountPageTest" name="exportActionIsClickable" time="0.0">
    <ignored/>
  </testcase> <!-- exportActionIsClickable -->
  <testcase classname="testBase.AccountPageTest" name="testUnfollowActionClick" time="0.0">
    <ignored/>
  </testcase> <!-- testUnfollowActionClick -->
  <testcase classname="MyProject.demo.us.espocrm.com.BaseClass" name="@AfterTest teardown" time="0.0">
    <ignored/>
  </testcase> <!-- @AfterTest teardown -->
  <testcase classname="testBase.AccountPageTest" name="massUpdateActionIsClickable" time="0.0">
    <ignored/>
  </testcase> <!-- massUpdateActionIsClickable -->
  <testcase classname="MyProject.demo.us.espocrm.com.BaseClass" name="@BeforeTest setUpTheBrowser" time="0.0">
    <ignored/>
  </testcase> <!-- @BeforeTest setUpTheBrowser -->
  <testcase classname="testBase.AccountPageTest" name="testRecalculateFormulaClick" time="0.0">
    <ignored/>
  </testcase> <!-- testRecalculateFormulaClick -->
  <testcase classname="MyProject.demo.us.espocrm.com.BaseClass" name="@BeforeTest setUpTheBrowser" time="0.0">
    <ignored/>
  </testcase> <!-- @BeforeTest setUpTheBrowser -->
  <testcase classname="testBase.AccountPageTest" name="mergeActionIsClickable" time="0.0">
    <ignored/>
  </testcase> <!-- mergeActionIsClickable -->
  <testcase classname="MyProject.demo.us.espocrm.com.BaseClass" name="@AfterTest teardown" time="0.0">
    <ignored/>
  </testcase> <!-- @AfterTest teardown -->
  <testcase classname="testBase.AccountPageTest" name="followActionIsClickable" time="0.0">
    <ignored/>
  </testcase> <!-- followActionIsClickable -->
  <testcase classname="testBase.AccountPageTest" name="actionsDropdownIsClickable" time="0.0">
    <ignored/>
  </testcase> <!-- actionsDropdownIsClickable -->
  <testcase classname="testBase.AccountPageTest" name="removeActionIsClickable" time="0.0">
    <ignored/>
  </testcase> <!-- removeActionIsClickable -->
</testsuite> <!-- ParallelByMethods -->
